<?xml version='1.0' encoding='UTF-8'?>
<testsuite hostname="DESKTOP-CEG5R7B" name="jj.test1" tests="1" errors="0" failures="1" skipped="0" time="10489.581" timestamp="2022-05-26T20:34:30">
          <properties>
[...]
</properties>
          <testcase classname="jj.test1" name="" time="10489.581">
                      <failure message="No Exception or message provided"/>
                    </testcase>
          <system-out><![CDATA[]]></system-out>
          <system-err><![CDATA[]]></system-err>
        </testsuite>